\BOOKMARK [0][-]{chapter.1}{\376\377\000C\000l\000a\000s\000s\000i\000f\000i\000e\000r}{}% 1
\BOOKMARK [1][-]{section.1.1}{\376\377\000m\000i}{chapter.1}% 2
\BOOKMARK [2][-]{subsection.1.1.1}{\376\377\000A\000P\000R\000C\000l\000a\000s\000s\000i\000f\000i\000e\000r}{section.1.1}% 3
\BOOKMARK [3][-]{subsubsection*.3}{\376\377\000m\000i\000m\000l\000.\000c\000l\000a\000s\000s\000i\000f\000i\000e\000r\000.\000m\000i\000.\000a\000p\000r\000\137\000c\000l\000a\000s\000s\000i\000f\000i\000e\000r\000.\000A\000P\000R\000C\000l\000a\000s\000s\000i\000f\000i\000e\000r}{subsection.1.1.1}% 4
\BOOKMARK [4][-]{paragraph*.5}{\376\377\000A\000t\000t\000r\000i\000b\000u\000t\000e\000s}{subsubsection*.3}% 5
\BOOKMARK [4][-]{paragraph*.6}{\376\377\000R\000e\000f\000e\000r\000e\000n\000c\000e\000s}{subsubsection*.3}% 6
\BOOKMARK [5][-]{subparagraph*.8}{\376\377\000P\000a\000r\000a\000m\000e\000t\000e\000r\000s}{paragraph*.6}% 7
\BOOKMARK [5][-]{subparagraph*.10}{\376\377\000P\000a\000r\000a\000m\000e\000t\000e\000r\000s}{paragraph*.6}% 8
\BOOKMARK [5][-]{subparagraph*.11}{\376\377\000R\000e\000t\000u\000r\000n\000s}{paragraph*.6}% 9
\BOOKMARK [5][-]{subparagraph*.13}{\376\377\000P\000a\000r\000a\000m\000e\000t\000e\000r\000s}{paragraph*.6}% 10
\BOOKMARK [5][-]{subparagraph*.14}{\376\377\000R\000e\000t\000u\000r\000n\000s}{paragraph*.6}% 11
\BOOKMARK [2][-]{subsection.1.1.2}{\376\377\000M\000I\000W\000r\000a\000p\000p\000e\000r\000C\000l\000a\000s\000s\000i\000f\000i\000e\000r}{section.1.1}% 12
\BOOKMARK [3][-]{subsubsection*.15}{\376\377\000m\000i\000m\000l\000.\000c\000l\000a\000s\000s\000i\000f\000i\000e\000r\000.\000m\000i\000.\000m\000i\000\137\000w\000r\000a\000p\000p\000e\000r\000\137\000c\000l\000a\000s\000s\000i\000f\000i\000e\000r\000.\000M\000I\000W\000r\000a\000p\000p\000e\000r\000C\000l\000a\000s\000s\000i\000f\000i\000e\000r}{subsection.1.1.2}% 13
\BOOKMARK [4][-]{paragraph*.17}{\376\377\000A\000t\000t\000r\000i\000b\000u\000t\000e\000s}{subsubsection*.15}% 14
\BOOKMARK [4][-]{paragraph*.18}{\376\377\000R\000e\000f\000e\000r\000e\000n\000c\000e\000s}{subsubsection*.15}% 15
\BOOKMARK [5][-]{subparagraph*.20}{\376\377\000P\000a\000r\000a\000m\000e\000t\000e\000r\000s}{paragraph*.18}% 16
\BOOKMARK [5][-]{subparagraph*.22}{\376\377\000P\000a\000r\000a\000m\000e\000t\000e\000r\000s}{paragraph*.18}% 17
\BOOKMARK [5][-]{subparagraph*.23}{\376\377\000R\000e\000t\000u\000r\000n\000s}{paragraph*.18}% 18
\BOOKMARK [5][-]{subparagraph*.25}{\376\377\000P\000a\000r\000a\000m\000e\000t\000e\000r\000s}{paragraph*.18}% 19
\BOOKMARK [5][-]{subparagraph*.26}{\376\377\000R\000e\000t\000u\000r\000n\000s}{paragraph*.18}% 20
\BOOKMARK [1][-]{section.1.2}{\376\377\000M\000I\000M\000L\000C\000l\000a\000s\000s\000i\000f\000i\000e\000r}{chapter.1}% 21
\BOOKMARK [2][-]{subsection.1.2.1}{\376\377\000m\000i\000m\000l\000.\000c\000l\000a\000s\000s\000i\000f\000i\000e\000r\000.\000m\000i\000m\000l\000\137\000c\000l\000a\000s\000s\000i\000f\000i\000e\000r\000.\000M\000I\000M\000L\000C\000l\000a\000s\000s\000i\000f\000i\000e\000r}{section.1.2}% 22
\BOOKMARK [3][-]{subsubsection*.29}{\376\377\000P\000a\000r\000a\000m\000e\000t\000e\000r\000s}{subsection.1.2.1}% 23
\BOOKMARK [3][-]{subsubsection*.30}{\376\377\000R\000e\000t\000u\000r\000n\000s}{subsection.1.2.1}% 24
\BOOKMARK [3][-]{subsubsection*.32}{\376\377\000P\000a\000r\000a\000m\000e\000t\000e\000r\000s}{subsection.1.2.1}% 25
\BOOKMARK [3][-]{subsubsection*.34}{\376\377\000P\000a\000r\000a\000m\000e\000t\000e\000r\000s}{subsection.1.2.1}% 26
\BOOKMARK [3][-]{subsubsection*.36}{\376\377\000R\000e\000t\000u\000r\000n\000s}{subsection.1.2.1}% 27
\BOOKMARK [3][-]{subsubsection*.38}{\376\377\000P\000a\000r\000a\000m\000e\000t\000e\000r\000s}{subsection.1.2.1}% 28
\BOOKMARK [3][-]{subsubsection*.39}{\376\377\000R\000e\000t\000u\000r\000n\000s}{subsection.1.2.1}% 29
\BOOKMARK [3][-]{subsubsection*.41}{\376\377\000P\000a\000r\000a\000m\000e\000t\000e\000r\000s}{subsection.1.2.1}% 30
\BOOKMARK [3][-]{subsubsection*.42}{\376\377\000R\000e\000t\000u\000r\000n\000s}{subsection.1.2.1}% 31
\BOOKMARK [1][-]{section.1.3}{\376\377\000m\000i\000m\000l\000T\000O\000m\000l}{chapter.1}% 32
\BOOKMARK [2][-]{subsection.1.3.1}{\376\377\000M\000I\000M\000L\000t\000o\000M\000L\000C\000l\000a\000s\000s\000i\000f\000i\000e\000r}{section.1.3}% 33
\BOOKMARK [3][-]{subsubsection*.43}{\376\377\000m\000i\000m\000l\000.\000c\000l\000a\000s\000s\000i\000f\000i\000e\000r\000.\000m\000i\000m\000l\000T\000O\000m\000l\000.\000m\000i\000m\000l\000\137\000t\000o\000\137\000m\000l\000\137\000c\000l\000a\000s\000s\000i\000f\000i\000e\000r\000.\000M\000I\000M\000L\000t\000o\000M\000L\000C\000l\000a\000s\000s\000i\000f\000i\000e\000r}{subsection.1.3.1}% 34
\BOOKMARK [4][-]{paragraph*.46}{\376\377\000P\000a\000r\000a\000m\000e\000t\000e\000r\000s}{subsubsection*.43}% 35
\BOOKMARK [4][-]{paragraph*.47}{\376\377\000R\000e\000t\000u\000r\000n\000s}{subsubsection*.43}% 36
\BOOKMARK [4][-]{paragraph*.49}{\376\377\000P\000a\000r\000a\000m\000e\000t\000e\000r\000s}{subsubsection*.43}% 37
\BOOKMARK [4][-]{paragraph*.51}{\376\377\000P\000a\000r\000a\000m\000e\000t\000e\000r\000s}{subsubsection*.43}% 38
\BOOKMARK [4][-]{paragraph*.53}{\376\377\000P\000a\000r\000a\000m\000e\000t\000e\000r\000s}{subsubsection*.43}% 39
\BOOKMARK [4][-]{paragraph*.54}{\376\377\000R\000e\000t\000u\000r\000n\000s}{subsubsection*.43}% 40
\BOOKMARK [4][-]{paragraph*.56}{\376\377\000P\000a\000r\000a\000m\000e\000t\000e\000r\000s}{subsubsection*.43}% 41
\BOOKMARK [4][-]{paragraph*.57}{\376\377\000R\000e\000t\000u\000r\000n\000s}{subsubsection*.43}% 42
\BOOKMARK [4][-]{paragraph*.59}{\376\377\000P\000a\000r\000a\000m\000e\000t\000e\000r\000s}{subsubsection*.43}% 43
\BOOKMARK [4][-]{paragraph*.60}{\376\377\000R\000e\000t\000u\000r\000n\000s}{subsubsection*.43}% 44
\BOOKMARK [1][-]{section.1.4}{\376\377\000m\000i\000m\000l\000T\000O\000m\000i}{chapter.1}% 45
\BOOKMARK [2][-]{subsection.1.4.1}{\376\377\000M\000I\000M\000L\000t\000o\000M\000I\000C\000l\000a\000s\000s\000i\000f\000i\000e\000r}{section.1.4}% 46
\BOOKMARK [3][-]{subsubsection*.61}{\376\377\000m\000i\000m\000l\000.\000c\000l\000a\000s\000s\000i\000f\000i\000e\000r\000.\000m\000i\000m\000l\000T\000O\000m\000i\000.\000m\000i\000m\000l\000\137\000t\000o\000\137\000m\000i\000\137\000c\000l\000a\000s\000s\000i\000f\000i\000e\000r\000.\000M\000I\000M\000L\000t\000o\000M\000I\000C\000l\000a\000s\000s\000i\000f\000i\000e\000r}{subsection.1.4.1}% 47
\BOOKMARK [4][-]{paragraph*.64}{\376\377\000P\000a\000r\000a\000m\000e\000t\000e\000r\000s}{subsubsection*.61}% 48
\BOOKMARK [4][-]{paragraph*.65}{\376\377\000R\000e\000t\000u\000r\000n\000s}{subsubsection*.61}% 49
\BOOKMARK [4][-]{paragraph*.67}{\376\377\000P\000a\000r\000a\000m\000e\000t\000e\000r\000s}{subsubsection*.61}% 50
\BOOKMARK [4][-]{paragraph*.69}{\376\377\000P\000a\000r\000a\000m\000e\000t\000e\000r\000s}{subsubsection*.61}% 51
\BOOKMARK [4][-]{paragraph*.71}{\376\377\000P\000a\000r\000a\000m\000e\000t\000e\000r\000s}{subsubsection*.61}% 52
\BOOKMARK [4][-]{paragraph*.72}{\376\377\000R\000e\000t\000u\000r\000n\000s}{subsubsection*.61}% 53
\BOOKMARK [4][-]{paragraph*.74}{\376\377\000P\000a\000r\000a\000m\000e\000t\000e\000r\000s}{subsubsection*.61}% 54
\BOOKMARK [4][-]{paragraph*.75}{\376\377\000R\000e\000t\000u\000r\000n\000s}{subsubsection*.61}% 55
\BOOKMARK [4][-]{paragraph*.77}{\376\377\000P\000a\000r\000a\000m\000e\000t\000e\000r\000s}{subsubsection*.61}% 56
\BOOKMARK [4][-]{paragraph*.78}{\376\377\000R\000e\000t\000u\000r\000n\000s}{subsubsection*.61}% 57
\BOOKMARK [2][-]{subsection.1.4.2}{\376\377\000M\000I\000M\000L\000t\000o\000M\000I\000B\000R\000C\000l\000a\000s\000s\000i\000f\000i\000e\000r}{section.1.4}% 58
\BOOKMARK [3][-]{subsubsection*.79}{\376\377\000m\000i\000m\000l\000.\000c\000l\000a\000s\000s\000i\000f\000i\000e\000r\000.\000m\000i\000m\000l\000T\000O\000m\000i\000.\000m\000i\000m\000l\000\137\000t\000o\000\137\000m\000i\000\137\000b\000r\000\137\000c\000l\000a\000s\000s\000i\000f\000i\000e\000r\000.\000M\000I\000M\000L\000t\000o\000M\000I\000B\000R\000C\000l\000a\000s\000s\000i\000f\000i\000e\000r}{subsection.1.4.2}% 59
\BOOKMARK [4][-]{paragraph*.82}{\376\377\000P\000a\000r\000a\000m\000e\000t\000e\000r\000s}{subsubsection*.79}% 60
\BOOKMARK [4][-]{paragraph*.83}{\376\377\000R\000e\000t\000u\000r\000n\000s}{subsubsection*.79}% 61
\BOOKMARK [4][-]{paragraph*.85}{\376\377\000P\000a\000r\000a\000m\000e\000t\000e\000r\000s}{subsubsection*.79}% 62
\BOOKMARK [4][-]{paragraph*.87}{\376\377\000P\000a\000r\000a\000m\000e\000t\000e\000r\000s}{subsubsection*.79}% 63
\BOOKMARK [4][-]{paragraph*.89}{\376\377\000P\000a\000r\000a\000m\000e\000t\000e\000r\000s}{subsubsection*.79}% 64
\BOOKMARK [4][-]{paragraph*.90}{\376\377\000R\000e\000t\000u\000r\000n\000s}{subsubsection*.79}% 65
\BOOKMARK [4][-]{paragraph*.92}{\376\377\000P\000a\000r\000a\000m\000e\000t\000e\000r\000s}{subsubsection*.79}% 66
\BOOKMARK [4][-]{paragraph*.93}{\376\377\000R\000e\000t\000u\000r\000n\000s}{subsubsection*.79}% 67
\BOOKMARK [2][-]{subsection.1.4.3}{\376\377\000M\000I\000M\000L\000t\000o\000M\000I\000L\000P\000C\000l\000a\000s\000s\000i\000f\000i\000e\000r}{section.1.4}% 68
\BOOKMARK [3][-]{subsubsection*.95}{\376\377\000m\000i\000m\000l\000.\000c\000l\000a\000s\000s\000i\000f\000i\000e\000r\000.\000m\000i\000m\000l\000T\000O\000m\000i\000.\000m\000i\000m\000l\000\137\000t\000o\000\137\000m\000i\000\137\000l\000p\000\137\000c\000l\000a\000s\000s\000i\000f\000i\000e\000r\000.\000M\000I\000M\000L\000t\000o\000M\000I\000L\000P\000C\000l\000a\000s\000s\000i\000f\000i\000e\000r}{subsection.1.4.3}% 69
\BOOKMARK [4][-]{paragraph*.98}{\376\377\000P\000a\000r\000a\000m\000e\000t\000e\000r\000s}{subsubsection*.95}% 70
\BOOKMARK [4][-]{paragraph*.99}{\376\377\000R\000e\000t\000u\000r\000n\000s}{subsubsection*.95}% 71
\BOOKMARK [4][-]{paragraph*.101}{\376\377\000P\000a\000r\000a\000m\000e\000t\000e\000r\000s}{subsubsection*.95}% 72
\BOOKMARK [4][-]{paragraph*.103}{\376\377\000P\000a\000r\000a\000m\000e\000t\000e\000r\000s}{subsubsection*.95}% 73
\BOOKMARK [4][-]{paragraph*.105}{\376\377\000P\000a\000r\000a\000m\000e\000t\000e\000r\000s}{subsubsection*.95}% 74
\BOOKMARK [4][-]{paragraph*.106}{\376\377\000R\000e\000t\000u\000r\000n\000s}{subsubsection*.95}% 75
\BOOKMARK [4][-]{paragraph*.108}{\376\377\000P\000a\000r\000a\000m\000e\000t\000e\000r\000s}{subsubsection*.95}% 76
\BOOKMARK [4][-]{paragraph*.109}{\376\377\000R\000e\000t\000u\000r\000n\000s}{subsubsection*.95}% 77
\BOOKMARK [4][-]{paragraph*.111}{\376\377\000P\000a\000r\000a\000m\000e\000t\000e\000r\000s}{subsubsection*.95}% 78
\BOOKMARK [4][-]{paragraph*.112}{\376\377\000R\000e\000t\000u\000r\000n\000s}{subsubsection*.95}% 79
\BOOKMARK [0][-]{chapter.2}{\376\377\000D\000a\000t\000a}{}% 80
\BOOKMARK [1][-]{section.2.1}{\376\377\000I\000n\000s\000t\000a\000n\000c\000e}{chapter.2}% 81
\BOOKMARK [2][-]{subsection.2.1.1}{\376\377\000m\000i\000m\000l\000.\000d\000a\000t\000a\000.\000i\000n\000s\000t\000a\000n\000c\000e\000.\000I\000n\000s\000t\000a\000n\000c\000e}{section.2.1}% 82
\BOOKMARK [3][-]{subsubsection*.115}{\376\377\000P\000a\000r\000a\000m\000e\000t\000e\000r\000s}{subsection.2.1.1}% 83
\BOOKMARK [3][-]{subsubsection*.117}{\376\377\000P\000a\000r\000a\000m\000e\000t\000e\000r\000s}{subsection.2.1.1}% 84
\BOOKMARK [3][-]{subsubsection*.119}{\376\377\000P\000a\000r\000a\000m\000e\000t\000e\000r\000s}{subsection.2.1.1}% 85
\BOOKMARK [3][-]{subsubsection*.120}{\376\377\000R\000e\000t\000u\000r\000n\000s}{subsection.2.1.1}% 86
\BOOKMARK [3][-]{subsubsection*.122}{\376\377\000R\000e\000t\000u\000r\000n\000s}{subsection.2.1.1}% 87
\BOOKMARK [3][-]{subsubsection*.124}{\376\377\000R\000e\000t\000u\000r\000n\000s}{subsection.2.1.1}% 88
\BOOKMARK [3][-]{subsubsection*.126}{\376\377\000R\000e\000t\000u\000r\000n\000s}{subsection.2.1.1}% 89
\BOOKMARK [3][-]{subsubsection*.128}{\376\377\000R\000e\000t\000u\000r\000n\000s}{subsection.2.1.1}% 90
\BOOKMARK [3][-]{subsubsection*.130}{\376\377\000R\000e\000t\000u\000r\000n\000s}{subsection.2.1.1}% 91
\BOOKMARK [3][-]{subsubsection*.132}{\376\377\000R\000e\000t\000u\000r\000n\000s}{subsection.2.1.1}% 92
\BOOKMARK [3][-]{subsubsection*.134}{\376\377\000R\000e\000t\000u\000r\000n\000s}{subsection.2.1.1}% 93
\BOOKMARK [3][-]{subsubsection*.136}{\376\377\000R\000e\000t\000u\000r\000n\000s}{subsection.2.1.1}% 94
\BOOKMARK [3][-]{subsubsection*.138}{\376\377\000R\000e\000t\000u\000r\000n\000s}{subsection.2.1.1}% 95
\BOOKMARK [3][-]{subsubsection*.140}{\376\377\000P\000a\000r\000a\000m\000e\000t\000e\000r\000s}{subsection.2.1.1}% 96
\BOOKMARK [3][-]{subsubsection*.142}{\376\377\000P\000a\000r\000a\000m\000e\000t\000e\000r\000s}{subsection.2.1.1}% 97
\BOOKMARK [1][-]{section.2.2}{\376\377\000B\000a\000g}{chapter.2}% 98
\BOOKMARK [2][-]{subsection.2.2.1}{\376\377\000m\000i\000m\000l\000.\000d\000a\000t\000a\000.\000b\000a\000g\000.\000B\000a\000g}{section.2.2}% 99
\BOOKMARK [3][-]{subsubsection*.146}{\376\377\000P\000a\000r\000a\000m\000e\000t\000e\000r\000s}{subsection.2.2.1}% 100
\BOOKMARK [3][-]{subsubsection*.148}{\376\377\000P\000a\000r\000a\000m\000e\000t\000e\000r\000s}{subsection.2.2.1}% 101
\BOOKMARK [3][-]{subsubsection*.150}{\376\377\000P\000a\000r\000a\000m\000e\000t\000e\000r\000s}{subsection.2.2.1}% 102
\BOOKMARK [3][-]{subsubsection*.152}{\376\377\000P\000a\000r\000a\000m\000e\000t\000e\000r\000s}{subsection.2.2.1}% 103
\BOOKMARK [3][-]{subsubsection*.154}{\376\377\000P\000a\000r\000a\000m\000e\000t\000e\000r\000s}{subsection.2.2.1}% 104
\BOOKMARK [3][-]{subsubsection*.155}{\376\377\000R\000e\000t\000u\000r\000n\000s}{subsection.2.2.1}% 105
\BOOKMARK [3][-]{subsubsection*.157}{\376\377\000R\000e\000t\000u\000r\000n\000s}{subsection.2.2.1}% 106
\BOOKMARK [3][-]{subsubsection*.159}{\376\377\000R\000e\000t\000u\000r\000n\000s}{subsection.2.2.1}% 107
\BOOKMARK [3][-]{subsubsection*.161}{\376\377\000R\000e\000t\000u\000r\000n\000s}{subsection.2.2.1}% 108
\BOOKMARK [3][-]{subsubsection*.163}{\376\377\000R\000e\000t\000u\000r\000n\000s}{subsection.2.2.1}% 109
\BOOKMARK [3][-]{subsubsection*.165}{\376\377\000P\000a\000r\000a\000m\000e\000t\000e\000r\000s}{subsection.2.2.1}% 110
\BOOKMARK [3][-]{subsubsection*.166}{\376\377\000R\000e\000t\000u\000r\000n\000s}{subsection.2.2.1}% 111
\BOOKMARK [3][-]{subsubsection*.168}{\376\377\000R\000e\000t\000u\000r\000n\000s}{subsection.2.2.1}% 112
\BOOKMARK [3][-]{subsubsection*.170}{\376\377\000R\000e\000t\000u\000r\000n\000s}{subsection.2.2.1}% 113
\BOOKMARK [3][-]{subsubsection*.172}{\376\377\000R\000e\000t\000u\000r\000n\000s}{subsection.2.2.1}% 114
\BOOKMARK [3][-]{subsubsection*.174}{\376\377\000R\000e\000t\000u\000r\000n\000s}{subsection.2.2.1}% 115
\BOOKMARK [3][-]{subsubsection*.176}{\376\377\000R\000e\000t\000u\000r\000n\000s}{subsection.2.2.1}% 116
\BOOKMARK [3][-]{subsubsection*.178}{\376\377\000R\000e\000t\000u\000r\000n\000s}{subsection.2.2.1}% 117
\BOOKMARK [3][-]{subsubsection*.180}{\376\377\000P\000a\000r\000a\000m\000e\000t\000e\000r\000s}{subsection.2.2.1}% 118
\BOOKMARK [3][-]{subsubsection*.182}{\376\377\000P\000a\000r\000a\000m\000e\000t\000e\000r\000s}{subsection.2.2.1}% 119
\BOOKMARK [3][-]{subsubsection*.184}{\376\377\000P\000a\000r\000a\000m\000e\000t\000e\000r\000s}{subsection.2.2.1}% 120
\BOOKMARK [1][-]{section.2.3}{\376\377\000M\000I\000M\000L\000D\000a\000t\000a\000s\000e\000t}{chapter.2}% 121
\BOOKMARK [2][-]{subsection.2.3.1}{\376\377\000m\000i\000m\000l\000.\000d\000a\000t\000a\000.\000m\000i\000m\000l\000\137\000d\000a\000t\000a\000s\000e\000t\000.\000M\000I\000M\000L\000D\000a\000t\000a\000s\000e\000t}{section.2.3}% 122
\BOOKMARK [3][-]{subsubsection*.187}{\376\377\000P\000a\000r\000a\000m\000e\000t\000e\000r\000s}{subsection.2.3.1}% 123
\BOOKMARK [3][-]{subsubsection*.189}{\376\377\000P\000a\000r\000a\000m\000e\000t\000e\000r\000s}{subsection.2.3.1}% 124
\BOOKMARK [3][-]{subsubsection*.191}{\376\377\000P\000a\000r\000a\000m\000e\000t\000e\000r\000s}{subsection.2.3.1}% 125
\BOOKMARK [3][-]{subsubsection*.193}{\376\377\000R\000e\000t\000u\000r\000n\000s}{subsection.2.3.1}% 126
\BOOKMARK [3][-]{subsubsection*.195}{\376\377\000P\000a\000r\000a\000m\000e\000t\000e\000r\000s}{subsection.2.3.1}% 127
\BOOKMARK [3][-]{subsubsection*.197}{\376\377\000P\000a\000r\000a\000m\000e\000t\000e\000r\000s}{subsection.2.3.1}% 128
\BOOKMARK [3][-]{subsubsection*.199}{\376\377\000P\000a\000r\000a\000m\000e\000t\000e\000r\000s}{subsection.2.3.1}% 129
\BOOKMARK [3][-]{subsubsection*.201}{\376\377\000R\000e\000t\000u\000r\000n\000s}{subsection.2.3.1}% 130
\BOOKMARK [3][-]{subsubsection*.204}{\376\377\000R\000e\000t\000u\000r\000n\000s}{subsection.2.3.1}% 131
\BOOKMARK [3][-]{subsubsection*.206}{\376\377\000P\000a\000r\000a\000m\000e\000t\000e\000r\000s}{subsection.2.3.1}% 132
\BOOKMARK [3][-]{subsubsection*.207}{\376\377\000R\000e\000t\000u\000r\000n\000s}{subsection.2.3.1}% 133
\BOOKMARK [3][-]{subsubsection*.209}{\376\377\000R\000e\000t\000u\000r\000n\000s}{subsection.2.3.1}% 134
\BOOKMARK [3][-]{subsubsection*.211}{\376\377\000R\000e\000t\000u\000r\000n\000s}{subsection.2.3.1}% 135
\BOOKMARK [3][-]{subsubsection*.213}{\376\377\000P\000a\000r\000a\000m\000e\000t\000e\000r\000s}{subsection.2.3.1}% 136
\BOOKMARK [3][-]{subsubsection*.214}{\376\377\000R\000e\000t\000u\000r\000n\000s}{subsection.2.3.1}% 137
\BOOKMARK [3][-]{subsubsection*.216}{\376\377\000R\000e\000t\000u\000r\000n\000s}{subsection.2.3.1}% 138
\BOOKMARK [3][-]{subsubsection*.218}{\376\377\000R\000e\000t\000u\000r\000n\000s}{subsection.2.3.1}% 139
\BOOKMARK [3][-]{subsubsection*.220}{\376\377\000R\000e\000t\000u\000r\000n\000s}{subsection.2.3.1}% 140
\BOOKMARK [3][-]{subsubsection*.222}{\376\377\000P\000a\000r\000a\000m\000e\000t\000e\000r\000s}{subsection.2.3.1}% 141
\BOOKMARK [3][-]{subsubsection*.223}{\376\377\000R\000e\000t\000u\000r\000n\000s}{subsection.2.3.1}% 142
\BOOKMARK [3][-]{subsubsection*.225}{\376\377\000R\000e\000t\000u\000r\000n\000s}{subsection.2.3.1}% 143
\BOOKMARK [3][-]{subsubsection*.227}{\376\377\000R\000e\000t\000u\000r\000n\000s}{subsection.2.3.1}% 144
\BOOKMARK [3][-]{subsubsection*.229}{\376\377\000R\000e\000t\000u\000r\000n\000s}{subsection.2.3.1}% 145
\BOOKMARK [3][-]{subsubsection*.231}{\376\377\000R\000e\000t\000u\000r\000n\000s}{subsection.2.3.1}% 146
\BOOKMARK [3][-]{subsubsection*.233}{\376\377\000R\000e\000t\000u\000r\000n\000s}{subsection.2.3.1}% 147
\BOOKMARK [3][-]{subsubsection*.235}{\376\377\000R\000e\000t\000u\000r\000n\000s}{subsection.2.3.1}% 148
\BOOKMARK [3][-]{subsubsection*.237}{\376\377\000R\000e\000t\000u\000r\000n\000s}{subsection.2.3.1}% 149
\BOOKMARK [3][-]{subsubsection*.239}{\376\377\000R\000e\000t\000u\000r\000n\000s}{subsection.2.3.1}% 150
\BOOKMARK [3][-]{subsubsection*.241}{\376\377\000R\000e\000t\000u\000r\000n\000s}{subsection.2.3.1}% 151
\BOOKMARK [3][-]{subsubsection*.243}{\376\377\000R\000e\000t\000u\000r\000n\000s}{subsection.2.3.1}% 152
\BOOKMARK [3][-]{subsubsection*.245}{\376\377\000P\000a\000r\000a\000m\000e\000t\000e\000r\000s}{subsection.2.3.1}% 153
\BOOKMARK [3][-]{subsubsection*.247}{\376\377\000P\000a\000r\000a\000m\000e\000t\000e\000r\000s}{subsection.2.3.1}% 154
\BOOKMARK [3][-]{subsubsection*.249}{\376\377\000P\000a\000r\000a\000m\000e\000t\000e\000r\000s}{subsection.2.3.1}% 155
\BOOKMARK [3][-]{subsubsection*.251}{\376\377\000P\000a\000r\000a\000m\000e\000t\000e\000r\000s}{subsection.2.3.1}% 156
\BOOKMARK [3][-]{subsubsection*.253}{\376\377\000P\000a\000r\000a\000m\000e\000t\000e\000r\000s}{subsection.2.3.1}% 157
\BOOKMARK [3][-]{subsubsection*.255}{\376\377\000P\000a\000r\000a\000m\000e\000t\000e\000r\000s}{subsection.2.3.1}% 158
\BOOKMARK [3][-]{subsubsection*.257}{\376\377\000P\000a\000r\000a\000m\000e\000t\000e\000r\000s}{subsection.2.3.1}% 159
\BOOKMARK [3][-]{subsubsection*.259}{\376\377\000P\000a\000r\000a\000m\000e\000t\000e\000r\000s}{subsection.2.3.1}% 160
\BOOKMARK [3][-]{subsubsection*.260}{\376\377\000R\000e\000t\000u\000r\000n\000s}{subsection.2.3.1}% 161
\BOOKMARK [3][-]{subsubsection*.262}{\376\377\000P\000a\000r\000a\000m\000e\000t\000e\000r\000s}{subsection.2.3.1}% 162
\BOOKMARK [3][-]{subsubsection*.263}{\376\377\000R\000e\000t\000u\000r\000n\000s}{subsection.2.3.1}% 163
\BOOKMARK [1][-]{section.2.4}{\376\377\000D\000a\000t\000a\000s\000e\000t\000\040\000u\000t\000i\000l\000s}{chapter.2}% 164
\BOOKMARK [0][-]{chapter.3}{\376\377\000R\000e\000p\000o\000r\000t}{}% 165
\BOOKMARK [1][-]{section.3.1}{\376\377\000R\000e\000p\000o\000r\000t}{chapter.3}% 166
\BOOKMARK [2][-]{subsection.3.1.1}{\376\377\000m\000i\000m\000l\000.\000r\000e\000p\000o\000r\000t\000.\000r\000e\000p\000o\000r\000t\000.\000R\000e\000p\000o\000r\000t}{section.3.1}% 167
\BOOKMARK [3][-]{subsubsection*.266}{\376\377\000P\000a\000r\000a\000m\000e\000t\000e\000r\000s}{subsection.3.1.1}% 168
\BOOKMARK [3][-]{subsubsection*.268}{\376\377\000P\000a\000r\000a\000m\000e\000t\000e\000r\000s}{subsection.3.1.1}% 169
\BOOKMARK [3][-]{subsubsection*.270}{\376\377\000P\000a\000r\000a\000m\000e\000t\000e\000r\000s}{subsection.3.1.1}% 170
\BOOKMARK [0][-]{chapter.4}{\376\377\000T\000r\000a\000n\000s\000f\000o\000r\000m\000a\000t\000i\000o\000n}{}% 171
\BOOKMARK [1][-]{section.4.1}{\376\377\000m\000i\000m\000l\000T\000O\000m\000i}{chapter.4}% 172
\BOOKMARK [2][-]{subsection.4.1.1}{\376\377\000B\000i\000n\000a\000r\000y\000R\000e\000l\000e\000v\000a\000n\000c\000e\000T\000r\000a\000n\000s\000f\000o\000r\000m\000a\000t\000i\000o\000n}{section.4.1}% 173
\BOOKMARK [3][-]{subsubsection*.271}{\376\377\000m\000i\000m\000l\000.\000t\000r\000a\000n\000s\000f\000o\000r\000m\000a\000t\000i\000o\000n\000.\000m\000i\000m\000l\000T\000O\000m\000i\000.\000b\000i\000n\000a\000r\000y\000\137\000r\000e\000l\000e\000v\000a\000n\000c\000e\000\137\000t\000r\000a\000n\000s\000f\000o\000r\000m\000a\000t\000i\000o\000n\000.\000B\000i\000n\000a\000r\000y\000R\000e\000l\000e\000v\000a\000n\000c\000e\000T\000r\000a\000n\000s\000f\000o\000r\000m\000a\000t\000i\000o\000n}{subsection.4.1.1}% 174
\BOOKMARK [4][-]{paragraph*.274}{\376\377\000P\000a\000r\000a\000m\000e\000t\000e\000r\000s}{subsubsection*.271}% 175
\BOOKMARK [4][-]{paragraph*.275}{\376\377\000R\000e\000t\000u\000r\000n\000s}{subsubsection*.271}% 176
\BOOKMARK [4][-]{paragraph*.277}{\376\377\000R\000e\000t\000u\000r\000n\000s}{subsubsection*.271}% 177
\BOOKMARK [2][-]{subsection.4.1.2}{\376\377\000L\000a\000b\000e\000l\000P\000o\000w\000e\000r\000s\000e\000t\000T\000r\000a\000n\000s\000f\000o\000r\000m\000a\000t\000i\000o\000n}{section.4.1}% 178
\BOOKMARK [3][-]{subsubsection*.278}{\376\377\000m\000i\000m\000l\000.\000t\000r\000a\000n\000s\000f\000o\000r\000m\000a\000t\000i\000o\000n\000.\000m\000i\000m\000l\000T\000O\000m\000i\000.\000l\000a\000b\000e\000l\000\137\000p\000o\000w\000e\000r\000s\000e\000t\000\137\000t\000r\000a\000n\000s\000f\000o\000r\000m\000a\000t\000i\000o\000n\000.\000L\000a\000b\000e\000l\000P\000o\000w\000e\000r\000s\000e\000t\000T\000r\000a\000n\000s\000f\000o\000r\000m\000a\000t\000i\000o\000n}{subsection.4.1.2}% 179
\BOOKMARK [4][-]{paragraph*.281}{\376\377\000P\000a\000r\000a\000m\000e\000t\000e\000r\000s}{subsubsection*.278}% 180
\BOOKMARK [4][-]{paragraph*.282}{\376\377\000R\000e\000t\000u\000r\000n\000s}{subsubsection*.278}% 181
\BOOKMARK [4][-]{paragraph*.284}{\376\377\000P\000a\000r\000a\000m\000e\000t\000e\000r\000s}{subsubsection*.278}% 182
\BOOKMARK [4][-]{paragraph*.285}{\376\377\000R\000e\000t\000u\000r\000n\000s}{subsubsection*.278}% 183
\BOOKMARK [4][-]{paragraph*.287}{\376\377\000P\000a\000r\000a\000m\000e\000t\000e\000r\000s}{subsubsection*.278}% 184
\BOOKMARK [4][-]{paragraph*.288}{\376\377\000R\000e\000t\000u\000r\000n\000s}{subsubsection*.278}% 185
\BOOKMARK [4][-]{paragraph*.290}{\376\377\000R\000e\000t\000u\000r\000n\000s}{subsubsection*.278}% 186
\BOOKMARK [1][-]{section.4.2}{\376\377\000m\000i\000m\000l\000T\000O\000m\000l}{chapter.4}% 187
\BOOKMARK [2][-]{subsection.4.2.1}{\376\377\000A\000r\000i\000t\000h\000m\000e\000t\000i\000c\000T\000r\000a\000n\000s\000f\000o\000r\000m\000a\000t\000i\000o\000n}{section.4.2}% 188
\BOOKMARK [3][-]{subsubsection*.291}{\376\377\000m\000i\000m\000l\000.\000t\000r\000a\000n\000s\000f\000o\000r\000m\000a\000t\000i\000o\000n\000.\000m\000i\000m\000l\000T\000O\000m\000l\000.\000a\000r\000i\000t\000h\000m\000e\000t\000i\000c\000.\000A\000r\000i\000t\000h\000m\000e\000t\000i\000c\000T\000r\000a\000n\000s\000f\000o\000r\000m\000a\000t\000i\000o\000n}{subsection.4.2.1}% 189
\BOOKMARK [4][-]{paragraph*.294}{\376\377\000P\000a\000r\000a\000m\000e\000t\000e\000r\000s}{subsubsection*.291}% 190
\BOOKMARK [4][-]{paragraph*.295}{\376\377\000R\000e\000t\000u\000r\000n\000s}{subsubsection*.291}% 191
\BOOKMARK [4][-]{paragraph*.297}{\376\377\000P\000a\000r\000a\000m\000e\000t\000e\000r\000s}{subsubsection*.291}% 192
\BOOKMARK [4][-]{paragraph*.298}{\376\377\000R\000e\000t\000u\000r\000n\000s}{subsubsection*.291}% 193
\BOOKMARK [2][-]{subsection.4.2.2}{\376\377\000G\000e\000o\000m\000e\000t\000r\000i\000c\000T\000r\000a\000n\000s\000f\000o\000r\000m\000a\000t\000i\000o\000n}{section.4.2}% 194
\BOOKMARK [3][-]{subsubsection*.299}{\376\377\000m\000i\000m\000l\000.\000t\000r\000a\000n\000s\000f\000o\000r\000m\000a\000t\000i\000o\000n\000.\000m\000i\000m\000l\000T\000O\000m\000l\000.\000g\000e\000o\000m\000e\000t\000r\000i\000c\000.\000G\000e\000o\000m\000e\000t\000r\000i\000c\000T\000r\000a\000n\000s\000f\000o\000r\000m\000a\000t\000i\000o\000n}{subsection.4.2.2}% 195
\BOOKMARK [4][-]{paragraph*.302}{\376\377\000P\000a\000r\000a\000m\000e\000t\000e\000r\000s}{subsubsection*.299}% 196
\BOOKMARK [4][-]{paragraph*.303}{\376\377\000R\000e\000t\000u\000r\000n\000s}{subsubsection*.299}% 197
\BOOKMARK [4][-]{paragraph*.305}{\376\377\000P\000a\000r\000a\000m\000e\000t\000e\000r\000s}{subsubsection*.299}% 198
\BOOKMARK [4][-]{paragraph*.306}{\376\377\000R\000e\000t\000u\000r\000n\000s}{subsubsection*.299}% 199
\BOOKMARK [2][-]{subsection.4.2.3}{\376\377\000M\000i\000n\000M\000a\000x\000T\000r\000a\000n\000s\000f\000o\000r\000m\000a\000t\000i\000o\000n}{section.4.2}% 200
\BOOKMARK [3][-]{subsubsection*.307}{\376\377\000m\000i\000m\000l\000.\000t\000r\000a\000n\000s\000f\000o\000r\000m\000a\000t\000i\000o\000n\000.\000m\000i\000m\000l\000T\000O\000m\000l\000.\000m\000i\000n\000m\000a\000x\000.\000M\000i\000n\000M\000a\000x\000T\000r\000a\000n\000s\000f\000o\000r\000m\000a\000t\000i\000o\000n}{subsection.4.2.3}% 201
\BOOKMARK [4][-]{paragraph*.310}{\376\377\000P\000a\000r\000a\000m\000e\000t\000e\000r\000s}{subsubsection*.307}% 202
\BOOKMARK [4][-]{paragraph*.311}{\376\377\000R\000e\000t\000u\000r\000n\000s}{subsubsection*.307}% 203
\BOOKMARK [4][-]{paragraph*.313}{\376\377\000P\000a\000r\000a\000m\000e\000t\000e\000r\000s}{subsubsection*.307}% 204
\BOOKMARK [4][-]{paragraph*.314}{\376\377\000R\000e\000t\000u\000r\000n\000s}{subsubsection*.307}% 205
\BOOKMARK [2][-]{subsection.4.2.4}{\376\377\000M\000I\000M\000L\000t\000o\000M\000L\000T\000r\000a\000n\000s\000f\000o\000r\000m\000a\000t\000i\000o\000n}{section.4.2}% 206
\BOOKMARK [3][-]{subsubsection*.315}{\376\377\000m\000i\000m\000l\000.\000t\000r\000a\000n\000s\000f\000o\000r\000m\000a\000t\000i\000o\000n\000.\000m\000i\000m\000l\000T\000O\000m\000l\000.\000m\000i\000m\000l\000\137\000t\000o\000\137\000m\000l\000\137\000t\000r\000a\000n\000s\000f\000o\000r\000m\000a\000t\000i\000o\000n\000.\000M\000I\000M\000L\000t\000o\000M\000L\000T\000r\000a\000n\000s\000f\000o\000r\000m\000a\000t\000i\000o\000n}{subsection.4.2.4}% 207
\BOOKMARK [0][-]{section*.319}{\376\377\000I\000n\000d\000e\000x}{}% 208
